INFO: [VRFC 10-163] Analyzing VHDL file "D:/Courex/FPGA/ProJ/xilinux/DAQ_sys_v_1/vivado-essentials/fifo_8x2048/fifo_generator_v12_0/hdl/fifo_generator_v12_0_rfs.vhd" into library fifo_generator_v12_0
INFO: [VRFC 10-307] analyzing entity input_blk
INFO: [VRFC 10-307] analyzing entity output_blk
INFO: [VRFC 10-307] analyzing entity shft_wrapper
INFO: [VRFC 10-307] analyzing entity shft_ram
INFO: [VRFC 10-307] analyzing entity wr_pf_as
INFO: [VRFC 10-307] analyzing entity wr_pf_ss
INFO: [VRFC 10-307] analyzing entity rd_pe_as
INFO: [VRFC 10-307] analyzing entity rd_pe_ss
INFO: [VRFC 10-307] analyzing entity synchronizer_ff
INFO: [VRFC 10-307] analyzing entity delay
INFO: [VRFC 10-307] analyzing entity bin_cntr
INFO: [VRFC 10-307] analyzing entity clk_x_pntrs_builtin
INFO: [VRFC 10-307] analyzing entity logic_builtin
INFO: [VRFC 10-307] analyzing entity builtin_prim
INFO: [VRFC 10-307] analyzing entity builtin_extdepth
INFO: [VRFC 10-307] analyzing entity builtin_top
INFO: [VRFC 10-307] analyzing entity reset_builtin
INFO: [VRFC 10-307] analyzing entity builtin_prim_v6
INFO: [VRFC 10-307] analyzing entity builtin_extdepth_v6
INFO: [VRFC 10-307] analyzing entity builtin_extdepth_low_latency
INFO: [VRFC 10-307] analyzing entity builtin_top_v6
INFO: [VRFC 10-307] analyzing entity fifo_generator_v12_0_builtin
INFO: [VRFC 10-307] analyzing entity bram_sync_reg
INFO: [VRFC 10-307] analyzing entity bram_fifo_rstlogic
INFO: [VRFC 10-307] analyzing entity reset_blk_ramfifo
INFO: [VRFC 10-307] analyzing entity axi_reg_slice
INFO: [VRFC 10-307] analyzing entity fifo_generator_top
INFO: [VRFC 10-307] analyzing entity fifo_generator_v12_0_synth
INFO: [VRFC 10-163] Analyzing VHDL file "D:/Courex/FPGA/ProJ/xilinux/DAQ_sys_v_1/vivado-essentials/fifo_32x512/fifo_generator_v12_0/hdl/fifo_generator_v12_0_rfs.vhd" into library fifo_generator_v12_0
INFO: [VRFC 10-307] analyzing entity input_blk
INFO: [VRFC 10-307] analyzing entity output_blk
INFO: [VRFC 10-307] analyzing entity shft_wrapper
INFO: [VRFC 10-307] analyzing entity shft_ram
INFO: [VRFC 10-307] analyzing entity wr_pf_as
INFO: [VRFC 10-307] analyzing entity wr_pf_ss
INFO: [VRFC 10-307] analyzing entity rd_pe_as
INFO: [VRFC 10-307] analyzing entity rd_pe_ss
INFO: [VRFC 10-307] analyzing entity synchronizer_ff
INFO: [VRFC 10-307] analyzing entity delay
INFO: [VRFC 10-307] analyzing entity bin_cntr
INFO: [VRFC 10-307] analyzing entity clk_x_pntrs_builtin
INFO: [VRFC 10-307] analyzing entity logic_builtin
INFO: [VRFC 10-307] analyzing entity builtin_prim
INFO: [VRFC 10-307] analyzing entity builtin_extdepth
INFO: [VRFC 10-307] analyzing entity builtin_top
INFO: [VRFC 10-307] analyzing entity reset_builtin
INFO: [VRFC 10-307] analyzing entity builtin_prim_v6
INFO: [VRFC 10-307] analyzing entity builtin_extdepth_v6
INFO: [VRFC 10-307] analyzing entity builtin_extdepth_low_latency
INFO: [VRFC 10-307] analyzing entity builtin_top_v6
INFO: [VRFC 10-307] analyzing entity fifo_generator_v12_0_builtin
INFO: [VRFC 10-307] analyzing entity bram_sync_reg
INFO: [VRFC 10-307] analyzing entity bram_fifo_rstlogic
INFO: [VRFC 10-307] analyzing entity reset_blk_ramfifo
INFO: [VRFC 10-307] analyzing entity axi_reg_slice
INFO: [VRFC 10-307] analyzing entity fifo_generator_top
INFO: [VRFC 10-307] analyzing entity fifo_generator_v12_0_synth
INFO: [VRFC 10-163] Analyzing VHDL file "D:/Courex/FPGA/ProJ/xilinux/DAQ_sys_v_1/vivado-essentials/vga_fifo/fifo_generator_v12_0/hdl/fifo_generator_v12_0_rfs.vhd" into library fifo_generator_v12_0
INFO: [VRFC 10-307] analyzing entity input_blk
INFO: [VRFC 10-307] analyzing entity output_blk
INFO: [VRFC 10-307] analyzing entity shft_wrapper
INFO: [VRFC 10-307] analyzing entity shft_ram
INFO: [VRFC 10-307] analyzing entity wr_pf_as
INFO: [VRFC 10-307] analyzing entity wr_pf_ss
INFO: [VRFC 10-307] analyzing entity rd_pe_as
INFO: [VRFC 10-307] analyzing entity rd_pe_ss
INFO: [VRFC 10-307] analyzing entity synchronizer_ff
INFO: [VRFC 10-307] analyzing entity delay
INFO: [VRFC 10-307] analyzing entity bin_cntr
INFO: [VRFC 10-307] analyzing entity clk_x_pntrs_builtin
INFO: [VRFC 10-307] analyzing entity logic_builtin
INFO: [VRFC 10-307] analyzing entity builtin_prim
INFO: [VRFC 10-307] analyzing entity builtin_extdepth
INFO: [VRFC 10-307] analyzing entity builtin_top
INFO: [VRFC 10-307] analyzing entity reset_builtin
INFO: [VRFC 10-307] analyzing entity builtin_prim_v6
INFO: [VRFC 10-307] analyzing entity builtin_extdepth_v6
INFO: [VRFC 10-307] analyzing entity builtin_extdepth_low_latency
INFO: [VRFC 10-307] analyzing entity builtin_top_v6
INFO: [VRFC 10-307] analyzing entity fifo_generator_v12_0_builtin
INFO: [VRFC 10-307] analyzing entity bram_sync_reg
INFO: [VRFC 10-307] analyzing entity bram_fifo_rstlogic
INFO: [VRFC 10-307] analyzing entity reset_blk_ramfifo
INFO: [VRFC 10-307] analyzing entity axi_reg_slice
INFO: [VRFC 10-307] analyzing entity fifo_generator_top
INFO: [VRFC 10-307] analyzing entity fifo_generator_v12_0_synth
INFO: [VRFC 10-163] Analyzing VHDL file "D:/Courex/FPGA/ProJ/xilinux/DAQ_sys_v_1/vivado-essentials/vivado_system/ip/vivado_system_rst_processing_system7_0_100M_0/lib_cdc_v1_0/hdl/src/vhdl/cdc_sync.vhd" into library lib_cdc_v1_0
INFO: [VRFC 10-307] analyzing entity cdc_sync
INFO: [VRFC 10-163] Analyzing VHDL file "D:/Courex/FPGA/ProJ/xilinux/DAQ_sys_v_1/vivado-essentials/vivado_system/ip/vivado_system_rst_processing_system7_0_100M_0/proc_sys_reset_v5_0/hdl/src/vhdl/upcnt_n.vhd" into library proc_sys_reset_v5_0
INFO: [VRFC 10-307] analyzing entity upcnt_n
INFO: [VRFC 10-163] Analyzing VHDL file "D:/Courex/FPGA/ProJ/xilinux/DAQ_sys_v_1/vivado-essentials/vivado_system/ip/vivado_system_rst_processing_system7_0_100M_0/proc_sys_reset_v5_0/hdl/src/vhdl/sequence.vhd" into library proc_sys_reset_v5_0
INFO: [VRFC 10-307] analyzing entity sequence
INFO: [VRFC 10-163] Analyzing VHDL file "D:/Courex/FPGA/ProJ/xilinux/DAQ_sys_v_1/vivado-essentials/vivado_system/ip/vivado_system_rst_processing_system7_0_100M_0/proc_sys_reset_v5_0/hdl/src/vhdl/lpf.vhd" into library proc_sys_reset_v5_0
INFO: [VRFC 10-307] analyzing entity lpf
INFO: [VRFC 10-163] Analyzing VHDL file "D:/Courex/FPGA/ProJ/xilinux/DAQ_sys_v_1/vivado-essentials/vivado_system/ip/vivado_system_rst_processing_system7_0_100M_0/proc_sys_reset_v5_0/hdl/src/vhdl/proc_sys_reset.vhd" into library proc_sys_reset_v5_0
INFO: [VRFC 10-307] analyzing entity proc_sys_reset
INFO: [VRFC 10-163] Analyzing VHDL file "D:/Courex/FPGA/ProJ/xilinux/DAQ_sys_v_1/vivado-essentials/vivado_system/ip/vivado_system_rst_processing_system7_0_100M_0/sim/vivado_system_rst_processing_system7_0_100M_0.vhd" into library xil_defaultlib
INFO: [VRFC 10-307] analyzing entity vivado_system_rst_processing_system7_0_100M_0
INFO: [VRFC 10-163] Analyzing VHDL file "D:/Courex/FPGA/ProJ/xilinux/DAQ_sys_v_1/vivado-essentials/vivado_system/ip/vivado_system_xbar_0/fifo_generator_v12_0/hdl/fifo_generator_v12_0_rfs.vhd" into library fifo_generator_v12_0
INFO: [VRFC 10-307] analyzing entity input_blk
INFO: [VRFC 10-307] analyzing entity output_blk
INFO: [VRFC 10-307] analyzing entity shft_wrapper
INFO: [VRFC 10-307] analyzing entity shft_ram
INFO: [VRFC 10-307] analyzing entity wr_pf_as
INFO: [VRFC 10-307] analyzing entity wr_pf_ss
INFO: [VRFC 10-307] analyzing entity rd_pe_as
INFO: [VRFC 10-307] analyzing entity rd_pe_ss
INFO: [VRFC 10-307] analyzing entity synchronizer_ff
INFO: [VRFC 10-307] analyzing entity delay
INFO: [VRFC 10-307] analyzing entity bin_cntr
INFO: [VRFC 10-307] analyzing entity clk_x_pntrs_builtin
INFO: [VRFC 10-307] analyzing entity logic_builtin
INFO: [VRFC 10-307] analyzing entity builtin_prim
INFO: [VRFC 10-307] analyzing entity builtin_extdepth
INFO: [VRFC 10-307] analyzing entity builtin_top
INFO: [VRFC 10-307] analyzing entity reset_builtin
INFO: [VRFC 10-307] analyzing entity builtin_prim_v6
INFO: [VRFC 10-307] analyzing entity builtin_extdepth_v6
INFO: [VRFC 10-307] analyzing entity builtin_extdepth_low_latency
INFO: [VRFC 10-307] analyzing entity builtin_top_v6
INFO: [VRFC 10-307] analyzing entity fifo_generator_v12_0_builtin
INFO: [VRFC 10-307] analyzing entity bram_sync_reg
INFO: [VRFC 10-307] analyzing entity bram_fifo_rstlogic
INFO: [VRFC 10-307] analyzing entity reset_blk_ramfifo
INFO: [VRFC 10-307] analyzing entity axi_reg_slice
INFO: [VRFC 10-307] analyzing entity fifo_generator_top
INFO: [VRFC 10-307] analyzing entity fifo_generator_v12_0_synth
