INFO: [VRFC 10-2263] Analyzing Verilog file "D:/Courex/FPGA/ProJ/xilinux/DAQ_sys_v_1/verilog/vivado/xillydemo.sim/sim_1/synth/timing/data_acquis_dut_time_synth.v" into library xil_defaultlib
INFO: [VRFC 10-311] analyzing module I2CBusController
INFO: [VRFC 10-311] analyzing module IOBUF_UNIQ_BASE_
INFO: [VRFC 10-311] analyzing module IOBUF_HD737
INFO: [VRFC 10-311] analyzing module IOBUF_HD738
INFO: [VRFC 10-311] analyzing module IOBUF_HD739
INFO: [VRFC 10-311] analyzing module IOBUF_HD740
INFO: [VRFC 10-311] analyzing module IOBUF_HD741
INFO: [VRFC 10-311] analyzing module IOBUF_HD742
INFO: [VRFC 10-311] analyzing module IOBUF_HD743
INFO: [VRFC 10-311] analyzing module IOBUF_HD744
INFO: [VRFC 10-311] analyzing module IOBUF_HD745
INFO: [VRFC 10-311] analyzing module IOBUF_HD746
INFO: [VRFC 10-311] analyzing module IOBUF_HD747
INFO: [VRFC 10-311] analyzing module IOBUF_HD748
INFO: [VRFC 10-311] analyzing module IOBUF_HD749
INFO: [VRFC 10-311] analyzing module IOBUF_HD750
INFO: [VRFC 10-311] analyzing module IOBUF_HD751
INFO: [VRFC 10-311] analyzing module IOBUF_HD752
INFO: [VRFC 10-311] analyzing module IOBUF_HD753
INFO: [VRFC 10-311] analyzing module IOBUF_HD754
INFO: [VRFC 10-311] analyzing module IOBUF_HD755
INFO: [VRFC 10-311] analyzing module IOBUF_HD756
INFO: [VRFC 10-311] analyzing module IOBUF_HD757
INFO: [VRFC 10-311] analyzing module IOBUF_HD758
INFO: [VRFC 10-311] analyzing module IOBUF_HD759
INFO: [VRFC 10-311] analyzing module IOBUF_HD760
INFO: [VRFC 10-311] analyzing module IOBUF_HD761
INFO: [VRFC 10-311] analyzing module IOBUF_HD762
INFO: [VRFC 10-311] analyzing module IOBUF_HD763
INFO: [VRFC 10-311] analyzing module IOBUF_HD764
INFO: [VRFC 10-311] analyzing module IOBUF_HD765
INFO: [VRFC 10-311] analyzing module IOBUF_HD766
INFO: [VRFC 10-311] analyzing module IOBUF_HD767
INFO: [VRFC 10-311] analyzing module IOBUF_HD768
INFO: [VRFC 10-311] analyzing module IOBUF_HD769
INFO: [VRFC 10-311] analyzing module IOBUF_HD770
INFO: [VRFC 10-311] analyzing module IOBUF_HD771
INFO: [VRFC 10-311] analyzing module IOBUF_HD772
INFO: [VRFC 10-311] analyzing module IOBUF_HD773
INFO: [VRFC 10-311] analyzing module IOBUF_HD774
INFO: [VRFC 10-311] analyzing module IOBUF_HD775
INFO: [VRFC 10-311] analyzing module IOBUF_HD776
INFO: [VRFC 10-311] analyzing module IOBUF_HD777
INFO: [VRFC 10-311] analyzing module IOBUF_HD778
INFO: [VRFC 10-311] analyzing module IOBUF_HD779
INFO: [VRFC 10-311] analyzing module IOBUF_HD780
INFO: [VRFC 10-311] analyzing module IOBUF_HD781
INFO: [VRFC 10-311] analyzing module IOBUF_HD782
INFO: [VRFC 10-311] analyzing module IOBUF_HD783
INFO: [VRFC 10-311] analyzing module IOBUF_HD784
INFO: [VRFC 10-311] analyzing module IOBUF_HD785
INFO: [VRFC 10-311] analyzing module IOBUF_HD786
INFO: [VRFC 10-311] analyzing module IOBUF_HD787
INFO: [VRFC 10-311] analyzing module IOBUF_HD788
INFO: [VRFC 10-311] analyzing module IOBUF_HD789
INFO: [VRFC 10-311] analyzing module IOBUF_HD790
INFO: [VRFC 10-311] analyzing module IOBUF_HD791
INFO: [VRFC 10-311] analyzing module IOBUF_HD792
INFO: [VRFC 10-311] analyzing module IOBUF_HD793
INFO: [VRFC 10-311] analyzing module IOBUF_HD794
INFO: [VRFC 10-311] analyzing module RAM32M_UNIQ_BASE_
INFO: [VRFC 10-311] analyzing module RAM32M_HD825
INFO: [VRFC 10-311] analyzing module RAM32M_HD826
INFO: [VRFC 10-311] analyzing module RAM32M_HD827
INFO: [VRFC 10-311] analyzing module RAM32M_HD828
INFO: [VRFC 10-311] analyzing module RAM32M_HD850
INFO: [VRFC 10-311] analyzing module RAM32M_HD851
INFO: [VRFC 10-311] analyzing module RAM32M_HD852
INFO: [VRFC 10-311] analyzing module RAM32M_HD853
INFO: [VRFC 10-311] analyzing module RAM32M_HD854
INFO: [VRFC 10-311] analyzing module RAM32M_HD859
INFO: [VRFC 10-311] analyzing module RAM32M_HD860
INFO: [VRFC 10-311] analyzing module RAM32X1D_UNIQ_BASE_
INFO: [VRFC 10-311] analyzing module RAM32X1D_HD829
INFO: [VRFC 10-311] analyzing module RAM32X1D_HD855
INFO: [VRFC 10-311] analyzing module RAM32X1D_HD856
INFO: [VRFC 10-311] analyzing module RAM32X1D_HD857
INFO: [VRFC 10-311] analyzing module RAM32X1D_HD858
INFO: [VRFC 10-311] analyzing module RAM64M_UNIQ_BASE_
INFO: [VRFC 10-311] analyzing module RAM64M_HD795
INFO: [VRFC 10-311] analyzing module RAM64M_HD796
INFO: [VRFC 10-311] analyzing module RAM64M_HD797
INFO: [VRFC 10-311] analyzing module RAM64M_HD801
INFO: [VRFC 10-311] analyzing module RAM64M_HD802
INFO: [VRFC 10-311] analyzing module RAM64M_HD803
INFO: [VRFC 10-311] analyzing module RAM64M_HD804
INFO: [VRFC 10-311] analyzing module RAM64M_HD809
INFO: [VRFC 10-311] analyzing module RAM64M_HD810
INFO: [VRFC 10-311] analyzing module RAM64M_HD811
INFO: [VRFC 10-311] analyzing module RAM64M_HD812
INFO: [VRFC 10-311] analyzing module RAM64M_HD817
INFO: [VRFC 10-311] analyzing module RAM64M_HD818
INFO: [VRFC 10-311] analyzing module RAM64M_HD819
INFO: [VRFC 10-311] analyzing module RAM64M_HD820
INFO: [VRFC 10-311] analyzing module RAM64M_HD830
INFO: [VRFC 10-311] analyzing module RAM64M_HD831
INFO: [VRFC 10-311] analyzing module RAM64M_HD832
INFO: [VRFC 10-311] analyzing module RAM64M_HD833
INFO: [VRFC 10-311] analyzing module RAM64M_HD834
INFO: [VRFC 10-311] analyzing module RAM64M_HD835
INFO: [VRFC 10-311] analyzing module RAM64M_HD836
INFO: [VRFC 10-311] analyzing module RAM64M_HD837
INFO: [VRFC 10-311] analyzing module RAM64M_HD838
INFO: [VRFC 10-311] analyzing module RAM64M_HD839
INFO: [VRFC 10-311] analyzing module RAM64M_HD840
INFO: [VRFC 10-311] analyzing module RAM64M_HD841
INFO: [VRFC 10-311] analyzing module RAM64M_HD842
INFO: [VRFC 10-311] analyzing module RAM64M_HD843
INFO: [VRFC 10-311] analyzing module RAM64M_HD844
INFO: [VRFC 10-311] analyzing module RAM64M_HD845
INFO: [VRFC 10-311] analyzing module RAM64M_HD846
INFO: [VRFC 10-311] analyzing module RAM64M_HD847
INFO: [VRFC 10-311] analyzing module RAM64M_HD848
INFO: [VRFC 10-311] analyzing module RAM64M_HD849
INFO: [VRFC 10-311] analyzing module RAM64X1D_UNIQ_BASE_
INFO: [VRFC 10-311] analyzing module RAM64X1D_HD798
INFO: [VRFC 10-311] analyzing module RAM64X1D_HD799
INFO: [VRFC 10-311] analyzing module RAM64X1D_HD800
INFO: [VRFC 10-311] analyzing module RAM64X1D_HD805
INFO: [VRFC 10-311] analyzing module RAM64X1D_HD806
INFO: [VRFC 10-311] analyzing module RAM64X1D_HD807
INFO: [VRFC 10-311] analyzing module RAM64X1D_HD808
INFO: [VRFC 10-311] analyzing module RAM64X1D_HD813
INFO: [VRFC 10-311] analyzing module RAM64X1D_HD814
INFO: [VRFC 10-311] analyzing module RAM64X1D_HD815
INFO: [VRFC 10-311] analyzing module RAM64X1D_HD816
INFO: [VRFC 10-311] analyzing module RAM64X1D_HD821
INFO: [VRFC 10-311] analyzing module RAM64X1D_HD822
INFO: [VRFC 10-311] analyzing module RAM64X1D_HD823
INFO: [VRFC 10-311] analyzing module RAM64X1D_HD824
INFO: [VRFC 10-311] analyzing module ad_processor
INFO: [VRFC 10-311] analyzing module axi_crossbar_v2_1_addr_arbiter_sasd
INFO: [VRFC 10-311] analyzing module axi_crossbar_v2_1_axi_crossbar
INFO: [VRFC 10-311] analyzing module axi_crossbar_v2_1_crossbar_sasd
INFO: [VRFC 10-311] analyzing module axi_crossbar_v2_1_decerr_slave
INFO: [VRFC 10-311] analyzing module axi_crossbar_v2_1_splitter
INFO: [VRFC 10-311] analyzing module axi_crossbar_v2_1_splitter__parameterized0
INFO: [VRFC 10-311] analyzing module axi_protocol_converter_v2_1_axi_protocol_converter
INFO: [VRFC 10-311] analyzing module axi_protocol_converter_v2_1_b2s
INFO: [VRFC 10-311] analyzing module axi_protocol_converter_v2_1_b2s_ar_channel
INFO: [VRFC 10-311] analyzing module axi_protocol_converter_v2_1_b2s_aw_channel
INFO: [VRFC 10-311] analyzing module axi_protocol_converter_v2_1_b2s_b_channel
INFO: [VRFC 10-311] analyzing module axi_protocol_converter_v2_1_b2s_cmd_translator
INFO: [VRFC 10-311] analyzing module axi_protocol_converter_v2_1_b2s_cmd_translator_2
INFO: [VRFC 10-311] analyzing module axi_protocol_converter_v2_1_b2s_incr_cmd
INFO: [VRFC 10-311] analyzing module axi_protocol_converter_v2_1_b2s_incr_cmd_3
INFO: [VRFC 10-311] analyzing module axi_protocol_converter_v2_1_b2s_r_channel
INFO: [VRFC 10-311] analyzing module axi_protocol_converter_v2_1_b2s_rd_cmd_fsm
INFO: [VRFC 10-311] analyzing module axi_protocol_converter_v2_1_b2s_simple_fifo
INFO: [VRFC 10-311] analyzing module axi_protocol_converter_v2_1_b2s_simple_fifo__parameterized0
INFO: [VRFC 10-311] analyzing module axi_protocol_converter_v2_1_b2s_simple_fifo__parameterized1
INFO: [VRFC 10-311] analyzing module axi_protocol_converter_v2_1_b2s_simple_fifo__parameterized2
INFO: [VRFC 10-311] analyzing module axi_protocol_converter_v2_1_b2s_wr_cmd_fsm
INFO: [VRFC 10-311] analyzing module axi_protocol_converter_v2_1_b2s_wrap_cmd
INFO: [VRFC 10-311] analyzing module axi_protocol_converter_v2_1_b2s_wrap_cmd_4
INFO: [VRFC 10-311] analyzing module axi_register_slice_v2_1_axi_register_slice
INFO: [VRFC 10-311] analyzing module axi_register_slice_v2_1_axic_register_slice
INFO: [VRFC 10-311] analyzing module axi_register_slice_v2_1_axic_register_slice_1
INFO: [VRFC 10-311] analyzing module axi_register_slice_v2_1_axic_register_slice__parameterized1
INFO: [VRFC 10-311] analyzing module axi_register_slice_v2_1_axic_register_slice__parameterized2
INFO: [VRFC 10-311] analyzing module axi_register_slice_v2_1_axic_register_slice__parameterized8
INFO: [VRFC 10-311] analyzing module cdc_sync
INFO: [VRFC 10-311] analyzing module cdc_sync_0
INFO: [VRFC 10-311] analyzing module clk_divider
INFO: [VRFC 10-311] analyzing module data_acquis_controller
INFO: [VRFC 10-311] analyzing module fifo_32x512
INFO: [VRFC 10-311] analyzing module fifo_8x2048
INFO: [VRFC 10-311] analyzing module i2s_audio
INFO: [VRFC 10-311] analyzing module lpf
INFO: [VRFC 10-311] analyzing module msg_buf
INFO: [VRFC 10-311] analyzing module pmodAD2
INFO: [VRFC 10-311] analyzing module proc_sys_reset
INFO: [VRFC 10-311] analyzing module processing_system7_v5_5_processing_system7
INFO: [VRFC 10-311] analyzing module s00_couplers_imp_WHIN6P
INFO: [VRFC 10-311] analyzing module sequence
INFO: [VRFC 10-311] analyzing module smbus
INFO: [VRFC 10-311] analyzing module system
INFO: [VRFC 10-311] analyzing module upcnt_n
INFO: [VRFC 10-311] analyzing module vga_fifo_lib_work
INFO: [VRFC 10-311] analyzing module vga_fifo_lib_xillyvga_core_lib
INFO: [VRFC 10-311] analyzing module vivado_system
INFO: [VRFC 10-311] analyzing module vivado_system_auto_pc_0
INFO: [VRFC 10-311] analyzing module vivado_system_processing_system7_0_0
INFO: [VRFC 10-311] analyzing module vivado_system_processing_system7_0_axi_periph_0
INFO: [VRFC 10-311] analyzing module vivado_system_rst_processing_system7_0_100M_0
INFO: [VRFC 10-311] analyzing module vivado_system_xbar_0
INFO: [VRFC 10-311] analyzing module vivado_system_xillybus_ip_0_0
INFO: [VRFC 10-311] analyzing module vivado_system_xillybus_lite_0_0
INFO: [VRFC 10-311] analyzing module vivado_system_xillyvga_0_0
INFO: [VRFC 10-311] analyzing module vivado_system_xlconcat_0_0
INFO: [VRFC 10-311] analyzing module xilly_reader
INFO: [VRFC 10-311] analyzing module xillybus
INFO: [VRFC 10-311] analyzing module xillybus_core
INFO: [VRFC 10-311] analyzing module xillybus_ip
INFO: [VRFC 10-311] analyzing module xillybus_lite
INFO: [VRFC 10-311] analyzing module xillyvga
INFO: [VRFC 10-311] analyzing module xillyvga_core
INFO: [VRFC 10-311] analyzing module glbl
INFO: [VRFC 10-2263] Analyzing SystemVerilog file "D:/Courex/FPGA/ProJ/xilinux/DAQ_sys_v_1/verilog/vivado/xillydemo.srcs/sim_1/new/data_acquis_dut.sv" into library xil_defaultlib
INFO: [VRFC 10-311] analyzing module data_acquis_dut
INFO: [VRFC 10-2263] Analyzing Verilog file "D:/Courex/FPGA/ProJ/xilinux/DAQ_sys_v_1/verilog/vivado/xillydemo.sim/sim_1/synth/timing/glbl.v" into library xil_defaultlib
INFO: [VRFC 10-311] analyzing module glbl
WARNING: [VRFC 10-1195] overwriting previous definition of module glbl [D:/Courex/FPGA/ProJ/xilinux/DAQ_sys_v_1/verilog/vivado/xillydemo.sim/sim_1/synth/timing/glbl.v:6]
